[    0.000000] Initializing cgroup subsys cpuset
[    0.000000] Initializing cgroup subsys cpu
[    0.000000] Initializing cgroup subsys cpuacct
[    0.000000] Linux version 4.4.0-116-generic (buildd@lgw01-amd64-021) (gcc version 5.4.0 20160609 (Ubuntu 5.4.0-6ubuntu1~16.04.9) ) #140-Ubuntu SMP Mon Feb 12 21:23:04 UTC 2018 (Ubuntu 4.4.0-116.140-generic 4.4.98)
[    0.000000] Command line: BOOT_IMAGE=/boot/vmlinuz-4.4.0-116-generic root=LABEL=cloudimg-rootfs ro console=tty1 console=ttyS0
[    0.000000] KERNEL supported cpus:
[    0.000000]   Intel GenuineIntel
[    0.000000]   AMD AuthenticAMD
[    0.000000]   Centaur CentaurHauls
[    0.000000] x86/fpu: xstate_offset[2]:  576, xstate_sizes[2]:  256
[    0.000000] x86/fpu: Supporting XSAVE feature 0x01: 'x87 floating point registers'
[    0.000000] x86/fpu: Supporting XSAVE feature 0x02: 'SSE registers'
[    0.000000] x86/fpu: Supporting XSAVE feature 0x04: 'AVX registers'
[    0.000000] x86/fpu: Enabled xstate features 0x7, context size is 832 bytes, using 'standard' format.
[    0.000000] x86/fpu: Using 'lazy' FPU context switches.
[    0.000000] e820: BIOS-provided physical RAM map:
[    0.000000] BIOS-e820: [mem 0x0000000000000000-0x000000000009fbff] usable
[    0.000000] BIOS-e820: [mem 0x000000000009fc00-0x000000000009ffff] reserved
[    0.000000] BIOS-e820: [mem 0x00000000000f0000-0x00000000000fffff] reserved
[    0.000000] BIOS-e820: [mem 0x0000000000100000-0x000000003ffeffff] usable
[    0.000000] BIOS-e820: [mem 0x000000003fff0000-0x000000003fffffff] ACPI data
[    0.000000] BIOS-e820: [mem 0x00000000fec00000-0x00000000fec00fff] reserved
[    0.000000] BIOS-e820: [mem 0x00000000fee00000-0x00000000fee00fff] reserved
[    0.000000] BIOS-e820: [mem 0x00000000fffc0000-0x00000000ffffffff] reserved
[    0.000000] NX (Execute Disable) protection: active
[    0.000000] SMBIOS 2.5 present.
[    0.000000] Hypervisor detected: KVM
[    0.000000] e820: last_pfn = 0x3fff0 max_arch_pfn = 0x400000000
[    0.000000] MTRR: Disabled
[    0.000000] x86/PAT: MTRRs disabled, skipping PAT initialization too.
[    0.000000] CPU MTRRs all blank - virtualized system.
[    0.000000] x86/PAT: Configuration [0-7]: WB  WT  UC- UC  WB  WT  UC- UC  
[    0.000000] found SMP MP-table at [mem 0x0009fff0-0x0009ffff] mapped at [ffff88000009fff0]
[    0.000000] Scanning 1 areas for low memory corruption
[    0.000000] RAMDISK: [mem 0x36ac2000-0x37558fff]
[    0.000000] ACPI: Early table checksum verification disabled
[    0.000000] ACPI: RSDP 0x00000000000E0000 000024 (v02 VBOX  )
[    0.000000] ACPI: XSDT 0x000000003FFF0030 00003C (v01 VBOX   VBOXXSDT 00000001 ASL  00000061)
[    0.000000] ACPI: FACP 0x000000003FFF00F0 0000F4 (v04 VBOX   VBOXFACP 00000001 ASL  00000061)
[    0.000000] ACPI: DSDT 0x000000003FFF0470 0021FF (v02 VBOX   VBOXBIOS 00000002 INTL 20160108)
[    0.000000] ACPI: FACS 0x000000003FFF0200 000040
[    0.000000] ACPI: FACS 0x000000003FFF0200 000040
[    0.000000] ACPI: APIC 0x000000003FFF0240 00005C (v02 VBOX   VBOXAPIC 00000001 ASL  00000061)
[    0.000000] ACPI: SSDT 0x000000003FFF02A0 0001CC (v01 VBOX   VBOXCPUT 00000002 INTL 20160108)
[    0.000000] No NUMA configuration found
[    0.000000] Faking a node at [mem 0x0000000000000000-0x000000003ffeffff]
[    0.000000] NODE_DATA(0) allocated [mem 0x3ffeb000-0x3ffeffff]
[    0.000000] kvm-clock: Using msrs 4b564d01 and 4b564d00
[    0.000000] kvm-clock: cpu 0, msr 0:3ffe3001, primary cpu clock
[    0.000000] kvm-clock: using sched offset of 3689334251 cycles
[    0.000000] clocksource: kvm-clock: mask: 0xffffffffffffffff max_cycles: 0x1cd42e4dffb, max_idle_ns: 881590591483 ns
[    0.000000] Zone ranges:
[    0.000000]   DMA      [mem 0x0000000000001000-0x0000000000ffffff]
[    0.000000]   DMA32    [mem 0x0000000001000000-0x000000003ffeffff]
[    0.000000]   Normal   empty
[    0.000000]   Device   empty
[    0.000000] Movable zone start for each node
[    0.000000] Early memory node ranges
[    0.000000]   node   0: [mem 0x0000000000001000-0x000000000009efff]
[    0.000000]   node   0: [mem 0x0000000000100000-0x000000003ffeffff]
[    0.000000] Initmem setup node 0 [mem 0x0000000000001000-0x000000003ffeffff]
[    0.000000] ACPI: PM-Timer IO Port: 0x4008
[    0.000000] IOAPIC[0]: apic_id 2, version 32, address 0xfec00000, GSI 0-23
[    0.000000] ACPI: INT_SRC_OVR (bus 0 bus_irq 0 global_irq 2 dfl dfl)
[    0.000000] ACPI: INT_SRC_OVR bus 0 bus_irq 9 global_irq 9 low level)
[    0.000000] Using ACPI (MADT) for SMP configuration information
[    0.000000] smpboot: Allowing 2 CPUs, 0 hotplug CPUs
[    0.000000] PM: Registered nosave memory: [mem 0x00000000-0x00000fff]
[    0.000000] PM: Registered nosave memory: [mem 0x0009f000-0x0009ffff]
[    0.000000] PM: Registered nosave memory: [mem 0x000a0000-0x000effff]
[    0.000000] PM: Registered nosave memory: [mem 0x000f0000-0x000fffff]
[    0.000000] e820: [mem 0x40000000-0xfebfffff] available for PCI devices
[    0.000000] Booting paravirtualized kernel on KVM
[    0.000000] clocksource: refined-jiffies: mask: 0xffffffff max_cycles: 0xffffffff, max_idle_ns: 7645519600211568 ns
[    0.000000] setup_percpu: NR_CPUS:512 nr_cpumask_bits:512 nr_cpu_ids:2 nr_node_ids:1
[    0.000000] PERCPU: Embedded 34 pages/cpu @ffff88003fc00000 s99544 r8192 d31528 u1048576
[    0.000000] PV qspinlock hash table entries: 256 (order: 0, 4096 bytes)
[    0.000000] Built 1 zonelists in Node order, mobility grouping on.  Total pages: 257913
[    0.000000] Policy zone: DMA32
[    0.000000] Kernel command line: BOOT_IMAGE=/boot/vmlinuz-4.4.0-116-generic root=LABEL=cloudimg-rootfs ro console=tty1 console=ttyS0
[    0.000000] PID hash table entries: 4096 (order: 3, 32768 bytes)
[    0.000000] Memory: 1001688K/1048120K available (8530K kernel code, 1309K rwdata, 3992K rodata, 1508K init, 1316K bss, 46432K reserved, 0K cma-reserved)
[    0.000000] SLUB: HWalign=64, Order=0-3, MinObjects=0, CPUs=2, Nodes=1
[    0.000000] Kernel/User page tables isolation: enabled
[    0.000000] Hierarchical RCU implementation.
[    0.000000] 	Build-time adjustment of leaf fanout to 64.
[    0.000000] 	RCU restricting CPUs from NR_CPUS=512 to nr_cpu_ids=2.
[    0.000000] RCU: Adjusting geometry for rcu_fanout_leaf=64, nr_cpu_ids=2
[    0.000000] NR_IRQS:33024 nr_irqs:440 16
[    0.000000] Console: colour VGA+ 80x25
[    0.000000] console [tty1] enabled
[    0.000000] console [ttyS0] enabled
[    0.000000] tsc: Detected 1795.918 MHz processor
[    1.985342] Calibrating delay loop (skipped) preset value.. 3591.83 BogoMIPS (lpj=7183672)
[    1.987828] pid_max: default: 32768 minimum: 301
[    1.989192] ACPI: Core revision 20150930
[   1.992014] ACPI: 2 ACPI AML tables successfully acquired and loaded
[    2.046310] Security Framework initialized
[    2.047988] Yama: becoming mindful.
[    2.049449] AppArmor: AppArmor initialized
[    2.051194] Dentry cache hash table entries: 131072 (order: 8, 1048576 bytes)
[    2.058395] Inode-cache hash table entries: 65536 (order: 7, 524288 bytes)
[    2.089834] Mount-cache hash table entries: 2048 (order: 2, 16384 bytes)
[    2.103292] Mountpoint-cache hash table entries: 2048 (order: 2, 16384 bytes)
[    2.141326] Initializing cgroup subsys io
[    2.153592] Initializing cgroup subsys memory
[    2.186567] Initializing cgroup subsys devices
[    2.188138] Initializing cgroup subsys freezer
[    2.189427] Initializing cgroup subsys net_cls
[    2.196323] Initializing cgroup subsys perf_event
[    2.198144] Initializing cgroup subsys net_prio
[    2.199986] Initializing cgroup subsys hugetlb
[    2.201735] Initializing cgroup subsys pids
[    2.203571] CPU: Physical Processor ID: 0
[    2.205192] CPU: Processor Core ID: 0
[    2.206722] FEATURE SPEC_CTRL Not Present
[    2.208399] mce: CPU supports 0 MCE banks
[    2.210047] Last level iTLB entries: 4KB 512, 2MB 8, 4MB 8
[    2.221428] Last level dTLB entries: 4KB 512, 2MB 32, 4MB 32, 1GB 0
[    2.230098] Spectre V2 mitigation: Mitigation: Full generic retpoline
[    2.241060] Spectre V2 mitigation: Speculation control IBPB not-supported IBRS not-supported
[    2.249069] Freeing SMP alternatives memory: 32K
[    2.272090] ftrace: allocating 32186 entries in 126 pages
[    2.393651] smpboot: APIC(0) Converting physical 0 to logical package 0
[    2.421492] smpboot: Max logical packages: 1
[    2.423698] x2apic enabled
[    2.434270] Switched APIC routing to physical x2apic.
[    2.439108] ..TIMER: vector=0x30 apic1=0 pin1=2 apic2=-1 pin2=-1
[    2.555296] smpboot: CPU0: Intel(R) Core(TM) i3-3217U CPU @ 1.80GHz (family: 0x6, model: 0x3a, stepping: 0x9)
[    2.677807] Performance Events: unsupported p6 CPU model 58 no PMU driver, software events only.
[    2.684440] KVM setup paravirtual spinlock
[    2.711474] x86: Booting SMP configuration:
[    2.741370] .... node  #0, CPUs:      #1
[    2.751695] kvm-clock: cpu 1, msr 0:3ffe3041, secondary cpu clock
[    2.771931] mce: CPU supports 0 MCE banks
[    2.792948] x86: Booted up 1 node, 2 CPUs
[    2.797647] smpboot: Total of 2 processors activated (7183.67 BogoMIPS)
[    2.804934] devtmpfs: initialized
[    2.812229] evm: security.selinux
[    2.822289] evm: security.SMACK64
[    2.823692] evm: security.SMACK64EXEC
[    2.825214] evm: security.SMACK64TRANSMUTE
[    2.853395] evm: security.SMACK64MMAP
[    2.881215] evm: security.ima
[    2.908562] evm: security.capability
[    2.941197] clocksource: jiffies: mask: 0xffffffff max_cycles: 0xffffffff, max_idle_ns: 7645041785100000 ns
[    3.023497] futex hash table entries: 512 (order: 3, 32768 bytes)
[    3.078859] pinctrl core: initialized pinctrl subsystem
[    3.102343] RTC time: 11:47:14, date: 03/03/18
[    3.104338] NET: Registered protocol family 16
[    3.115750] cpuidle: using governor ladder
[    3.136233] cpuidle: using governor menu
[    3.150710] PCCT header not found.
[    3.201511] ACPI: bus type PCI registered
[    3.205091] acpiphp: ACPI Hot Plug PCI Controller Driver version: 0.5
[    3.224345] PCI: Using configuration type 1 for base access
[    3.261420] ACPI: Added _OSI(Module Device)
[    3.270984] ACPI: Added _OSI(Processor Device)
[    3.285147] ACPI: Added _OSI(3.0 _SCP Extensions)
[    3.293643] ACPI: Added _OSI(Processor Aggregator Device)
[    3.317427] ACPI: Executed 1 blocks of module-level executable AML code
[    3.337335] ACPI: Interpreter enabled
[    3.368373] ACPI: (supports S0 S5)
[    3.370893] ACPI: Using IOAPIC for interrupt routing
[    3.373097] PCI: Using host bridge windows from ACPI; if necessary, use "pci=nocrs" and report a bug
[    3.457463] ACPI: PCI Root Bridge [PCI0] (domain 0000 [bus 00-ff])
[    3.472319] acpi PNP0A03:00: _OSC: OS supports [ASPM ClockPM Segments MSI]
[    3.474818] acpi PNP0A03:00: _OSC: not requesting OS control; OS requires [ExtendedConfig ASPM ClockPM MSI]
[    3.481277] acpi PNP0A03:00: fail to add MMCONFIG information, can't access extended PCI configuration space under this bridge.
[    3.544001] PCI host bridge to bus 0000:00
[    3.549009] pci_bus 0000:00: root bus resource [io  0x0000-0x0cf7 window]
[    3.598072] pci_bus 0000:00: root bus resource [io  0x0d00-0xffff window]
[    3.605545] pci_bus 0000:00: root bus resource [mem 0x000a0000-0x000bffff window]
[    3.608411] pci_bus 0000:00: root bus resource [mem 0x40000000-0xfdffffff window]
[    3.621211] pci_bus 0000:00: root bus resource [bus 00-ff]
[    3.636637] pci 0000:00:01.1: legacy IDE quirk: reg 0x10: [io  0x01f0-0x01f7]
[    3.664806] pci 0000:00:01.1: legacy IDE quirk: reg 0x14: [io  0x03f6]
[    3.686738] pci 0000:00:01.1: legacy IDE quirk: reg 0x18: [io  0x0170-0x0177]
[    3.705039] pci 0000:00:01.1: legacy IDE quirk: reg 0x1c: [io  0x0376]
[    3.747158] pci 0000:00:07.0: quirk: [io  0x4000-0x403f] claimed by PIIX4 ACPI
[    3.826254] pci 0000:00:07.0: quirk: [io  0x4100-0x410f] claimed by PIIX4 SMB
[    3.844681] ACPI: PCI Interrupt Link [LNKA] (IRQs 5 9 10 *11)
[    3.864806] ACPI: PCI Interrupt Link [LNKB] (IRQs 5 9 *10 11)
[    3.882969] ACPI: PCI Interrupt Link [LNKC] (IRQs 5 *9 10 11)
[    3.886959] ACPI: PCI Interrupt Link [LNKD] (IRQs 5 9 10 *11)
[    3.911286] ACPI: Enabled 2 GPEs in block 00 to 07
[    3.920652] vgaarb: setting as boot device: PCI:0000:00:02.0
[    3.925670] vgaarb: device added: PCI:0000:00:02.0,decodes=io+mem,owns=io+mem,locks=none
[    3.937108] vgaarb: loaded
[    3.944571] vgaarb: bridge control possible 0000:00:02.0
[    3.956350] SCSI subsystem initialized
[    3.967901] ACPI: bus type USB registered
[    3.973381] usbcore: registered new interface driver usbfs
[    3.975383] usbcore: registered new interface driver hub
[    3.982703] usbcore: registered new device driver usb
[    3.991200] PCI: Using ACPI for IRQ routing
[    4.016487] NetLabel: Initializing
[    4.021873] NetLabel:  domain hash size = 128
[    4.023537] NetLabel:  protocols = UNLABELED CIPSOv4
[    4.028304] NetLabel:  unlabeled traffic allowed by default
[    4.034715] amd_nb: Cannot enumerate AMD northbridges
[    4.044362] clocksource: Switched to clocksource kvm-clock
[    4.058693] AppArmor: AppArmor Filesystem Enabled
[  4181148] pnp: PnP ACPI init
[    4.302976] pnp: PnP ACPI: found 3 devices
[   4.390372] clocksource: acpi_pm: mask: 0xffffff max_cycles: 0xffffff, max_idle_ns: 2085701024 ns
[   .4197]NE Riserd otolamy 

[    5.173942] TCP established hash table entries: 8192 (order: 4, 65536 bytes)
[    5.176549] TCP bind hash table entries: 8192 (order: 5, 131072 bytes)
[   .12535] TCP: Hash tables configured (established 8192 bind 8192)
   5321]DPhah bl etres 52 orer 2 1384 bytes)
[   .072 UDP-Lite hash table entries: 512 (order: 2, 16384 bytes)
[   .3204]NE: egstre protocol mi 1[  68653pc000::00.0: Limiting direct PCI/PCI transfers
[    7.301938] pci 00:0:0.0 AtiatngIS DA hang workarounds
[   7.0075] Unpacking initramfs...

[   10.852148] Freeing initrd memory: 10844K
[   10.878039] RAPL PMU detected, API unit is 2^-32 Joules, 3 fixed counters 10737418240 ms ovfl timer
[   10.883266] hw unit of domain pp0-core 2^-0 Joules
[   10.885092] hw unit of domain package 2^-0 Joules
[   10.886856] hw unit of domain pp1-gpu 2^-0 Joules
[   10.888818] platform rtc_cmos: registered platform RTC device (no PNP device found)
[   11.091188] Scanning for low memory corruption every 60 seconds
[   11.161816] audit: initializing netlink subsys (disabled)
[   11.221153] audit: type=2000 audit(1520077644.661:1): initialized
[   11.223290] Initialise system trusted keyring
[   11.231882] HugeTLB registered 2 MB page size, pre-allocated 0 pages
[   11.255556] zbud: loaded
[   11.281179] VFS: Disk quotas dquot_6.6.0
[   11.288953] VFS: Dquot-cache hash table entries: 512 (order 0, 4096 bytes)
[   11.309796] squashfs: version 4.0 (2009/01/31) Phillip Lougher
[   11.352380] fuse init (API version 7.23)
[   11.430789] Key type big_key registered
[   11.435611] Allocating IMA MOK and blacklist keyrings.
[   11.441137] Key type asymmetric registered
[   11.455192] Asymmetric key parser 'x509' registered
[   11.458296] Block layer SCSI generic (bsg) driver version 0.4 loaded (major 249)
[   11.501970] io scheduler noop registered
[   11.503561] io scheduler deadline registered (default)
[   11.505588] io scheduler cfq registered
[   11.533990] pci_hotplug: PCI Hot Plug PCI Core version: 0.5
[   11.538882] pciehp: PCI Express Hot Plug Controller Driver version: 0.4
[   11.543750] ACPI: AC Adapter [AC] (on-line)
[   11.546681] input: Power Button as /devices/LNXSYSTM:00/LNXPWRBN:00/input/input0
[   11.555286] ACPI: Power Button [PWRF]
[   11.610869] input: Sleep Button as /devices/LNXSYSTM:00/LNXSLPBN:00/input/input1
[   11.621001] ACPI: Sleep Button [SLPF]
[   11.631879] ACPI: Battery Slot [BAT0] (battery present)
[   11.635051] GHES: HEST is not enabled!
[   11.640581] Serial: 8250/16550 driver, 32 ports, IRQ sharing enabled
[   11.704386] 00:02: ttyS0 at I/O 0x3f8 (irq = 4, base_baud = 115200) is a 16550A
[   11.774082] Linux agpgart interface v0.103
[   11.889766] tsc: Refined TSC clocksource calibration: 1795.253 MHz
[   11.889770] clocksource: tsc: mask: 0xffffffffffffffff max_cycles: 0x19e0a54b014, max_idle_ns: 440795231728 ns
[   12.246662] loop: module loaded
[   12.282310] scsi host0: ata_piix
[   12.371065] scsi host1: ata_piix
[   12.393889] ata1: PATA max UDMA/33 cmd 0x1f0 ctl 0x3f6 bmdma 0xd000 irq 14
[   12.400365] ata2: PATA max UDMA/33 cmd 0x170 ctl 0x376 bmdma 0xd008 irq 15
[   12.453104] libphy: Fixed MDIO Bus: probed
[   12.471666] tun: Universal TUN/TAP device driver, 1.6
[   12.501108] tun: (C) 1999-2004 Max Krasnyansky <maxk@qualcomm.com>
[   12.503831] PPP generic driver version 2.4.2
[   12.505580] ehci_hcd: USB 2.0 'Enhanced' Host Controller (EHCI) Driver
[   12.507753] ehci-pci: EHCI PCI platform driver
[   12.522599] ehci-platform: EHCI generic platform driver
[   12.547893] ohci_hcd: USB 1.1 'Open' Host Controller (OHCI) Driver
[   12.675578] ohci-pci: OHCI PCI platform driver
[   12.731637] ohci-platform: OHCI generic platform driver
[   12.771326] uhci_hcd: USB Universal Host Controller Interface driver
[   12.773755] i8042: PNP: PS/2 Controller [PNP0303:PS2K,PNP0f03:PS2M] at 0x60,0x64 irq 1,12
[   12.783498] serio: i8042 KBD port at 0x60,0x64 irq 1
[   12.787154] serio: i8042 AUX port at 0x60,0x64 irq 12
[   12.791764] mousedev: PS/2 mouse device common for all mice
[   12.803596] rtc_cmos rtc_cmos: rtc core: registered rtc_cmos as rtc0
[   12.807633] input: AT Translated Set 2 keyboard as /devices/platform/i8042/serio0/input/input2
[   12.815354] rtc_cmos rtc_cmos: alarms up to one day, 114 bytes nvram
[   12.819753] i2c /dev entries driver
[   12.821434] device-mapper: uevent: version 1.0.3
[   12.833772] device-mapper: ioctl: 4.34.0-ioctl (2015-10-28) initialised: dm-devel@redhat.com
[   12.890757] ledtrig-cpu: registered to indicate activity on CPUs
[   12.927796] NET: Registered protocol family 10
[   12.949751] NET: Registered protocol family 17
[   12.959371] Key type dns_resolver registered
[   12.983331] microcode: CPU0 sig=0x306a9, pf=0x2, revision=0x19
[   12.994456] microcode: CPU1 sig=0x306a9, pf=0x2, revision=0x19
[   12.999564] microcode: Microcode Update Driver: v2.01 <tigran@aivazian.fsnet.co.uk>, Peter Oruba
[   13.007153] registered taskstats version 1
[   13.015338] Loading compiled-in X.509 certificates
[   13.018406] Loaded X.509 cert 'Build time autogenerated kernel key: aa84f01984fbd529c105810b59e379d349698248'
[   13.022167] zswap: loaded using pool lzo/zbud
[   13.027788] Key type trusted registered
[   13.049374] Key type encrypted registered
[   13.056545] AppArmor: AppArmor sha1 policy hashing enabled
[   13.093349] ima: No TPM chip found, activating TPM-bypass!
[   13.098467] evm: HMAC attrs: 0x1
[   13.110372]   Magic number: 10:606:781
[   13.146531] rtc_cmos rtc_cmos: setting system clock to 2018-03-03 11:47:24 UTC (1520077644)
[   13.191580] BIOS EDD facility v0.16 2004-Jun-25, 0 devices found
[  13.210397] EDD information not available.
[   13.256121] Freeing unused kernel memory: 1508K
[   13.340288] Write protecting the kernel read-only data: 14336k
[   13.352543] Freeing unused kernel memory: 1700K
[   13.358571] Freeing unused kernel memory: 104K
Loading, please wait...
starting version 229
[   13.455470] random: systemd-udevd: uninitialized urandom read (16 bytes read, 3 bits of entropy available)
[   13.457245] random: udevadm: uninitialized urandom read (16 bytes read, 3 bits of entropy available)
[   13.457317] random: udevadm: uninitialized urandom read (16 bytes read, 3 bits of entropy available)
[   13.488711] random: systemd-udevd: uninitialized urandom read (16 bytes read, 3 bits of entropy available)
[   13.494048] random: udevadm: uninitialized urandom read (16 bytes read, 3 bits of entropy available)
[   13.494179] random: udevadm: uninitialized urandom read (16 bytes read, 3 bits of entropy available)
[   13.494654] random: udevadm: uninitialized urandom read (16 bytes read, 3 bits of entropy available)
[   13.494845] random: udevadm: uninitialized urandom read (16 bytes read, 3 bits of entropy available)
[   13.495042] random: udevadm: uninitialized urandom read (16 bytes read, 3 bits of entropy available)
[   13.495223] random: udevadm: uninitialized urandom read (16 bytes read, 3 bits of entropy available)
[   13.658681] e1000: Intel(R) PRO/1000 Network Driver - version 7.3.21-k8-NAPI
[   13.682069] e1000: Copyright (c) 1999-2006 Intel Corporation.
[   13.732545] Fusion MPT base driver 3.04.20
[   13.760535] Copyright (c) 1999-2008 LSI Corporation
[   13.783507] Fusion MPT SPI Host driver 3.04.20
[   14.042533] input: ImExPS/2 Generic Explorer Mouse as /devices/platform/i8042/serio1/input/input4
[   14.193085] e1000 0000:00:03.0 eth0: (PCI:33MHz:32-bit) 02:62:84:fe:22:b7
[   14.249314] e1000 0000:00:03.0 eth0: Intel(R) PRO/1000 Network Connection
[   14.280129] mptbase: ioc0: Initiating bringup
[   14.282087] e1000 0000:00:03.0 enp0s3: renamed from eth0
[   14.805251] ioc0: LSI53C1030 A0: Capabilities={Initiator}
[   15.644165] scsi host2: ioc0: LSI53C1030 A0, FwRev=00000000h, Ports=1, MaxQ=256, IRQ=20
[   15.878988] scsi 2:0:0:0: Direct-Access     VBOX     HARDDISK         1.0  PQ: 0 ANSI: 5
[   15.921865] scsi target2:0:0: Beginning Domain Validation
[   15.926945] scsi target2:0:0: Domain Validation skipping write tests
[   15.966985] scsi target2:0:0: Ending Domain Validation
[   15.971410] scsi target2:0:0: asynchronous
[   15.974162] scsi 2:0:1:0: Direct-Access     VBOX     HARDDISK         1.0  PQ: 0 ANSI: 5
[   16.041219] scsi target2:0:1: Beginning Domain Validation
[   16.046282] scsi target2:0:1: Domain Validation skipping write tests
[   16.051696] scsi target2:0:1: Ending Domain Validation
[   16.080454] scsi target2:0:1: asynchronous
[   16.101916] sd 2:0:0:0: [sda] 20971520 512-byte logical blocks: (10.7 GB/10.0 GiB)
[   16.121027] sd 2:0:0:0: Attached scsi generic sg0 type 0
[   16.121135] sd 2:0:0:0: [sda] Write Protect is off
[   16.121328] sd 2:0:0:0: [sda] Incomplete mode parameter data
[   16.121330] sd 2:0:0:0: [sda] Assuming drive cache: write through
[   16.138093]  sda: sda1
[   16.139379] sd 2:0:0:0: [sda] Attached SCSI disk
[   16.242773] sd 2:0:1:0: [sdb] 20480 5122byte logical blocks: (10.5 MB/10.0 MiB)
[   16.257395] sd 2:0:1:0: Attached scsi generic sg1 type 0
[   16.262361] sd 2:0:1:0: [sdb] Write Protect is off
[   16.270517] sd 2:0:1:0: [sdb] Incomplete mode parameter data
[   16.306077] sd 2:0:1:0: [sdb] Assuming drive cache: write through
[   16.335144] sd 2:0:1:0: [sdb] Attached SCSI disk
[   16.818694] floppy0: no floppy controllers found
Begin: Loading essential drivers ... [   18.486049] md: linear personality registered for level -1
[   18.501430] md: multipath personality registered for level -4
[   18.529457] md: raid0 personality registered for level 0
[   18.549924] md: raid1 personality registered for level 1
[   18.652428] raid6: sse2x1   gen()  4470 MB/s
[   18.724407] raid6: sse2x1   xor()  3758 MB/s
[   18.832413] raid6: sse2x2   gen()  5757 MB/s
[   18.932419] raid6: sse2x2   xor()  3993 MB/s
[   19.004420] raid6: sse2x4   gen()  6858 MB/s
[   19.080427] raid6: sse2x4   xor()  5028 MB/s
[   19.087419] raid6: using algorithm sse2x4 gen() 6858 MB/s
[   19.089467] raid6: .... xor() 5028 MB/s, rmw enabled
[   19.097719] raid6: using ssse3x2 recovery algorithm
[   19.113107] xor: automatically using best checksumming function:
[   19.280645]    avx       : 22790.000 MB/sec
[   19.418074] async_tx: api initialized (async)
[   19.461840] md: raid6 personality registered for level 6
[   19.470180] md: raid5 personality registered for level 5
[   19.497709] md: raid4 personality registered for level 4
[   19.511773] md: raid10 personality registered for level 10
done.
Begin: Running /scripts/init-premount ... done.
Begin: Mounting root file system ... Begin: Running /scripts/local-top ... done.
Begin: Running /scripts/local-premount ... [   19.597766] Btrfs loaded
Scanning for Btrfs filesystems
done.
Warning: fsck not present, so skipping root file system
[   19.783920] EXT4-fs (sda1): mounted filesystem with ordered data mode. Opts: (null)
done.
Begin: Running /scripts/local-bottom ... done.
Begin: Running /scripts/init-bottom ... done.
[   20.590748] systemd[1]: systemd 229 running in system mode. (+PAM +AUDIT +SELINUX +IMA +APPARMOR +SMACK +SYSVINIT +UTMP +LIBCRYPTSETUP +GCRYPT +GNUTLS +ACL +XZ -LZ4 +SECCOMP +BLKID +ELFUTILS +KMOD -IDN)
[   21.061546] systemd[1]: Detected virtualization oracle.
[   21.069633] systemd[1]: Detected architecture x86-64.

Welcome to [1mUbuntu 16.04.3 LTS[0m!

[   21.144749] systemd[1]: Set hostname to <ubuntu>.
[   21.368562] random: nonblocking pool is initialized
[   21.380122] systemd[1]: Initializing machine ID from random generator.
[   21.480541] systemd[1]: Installed transient /etc/machine-id file.
[   22.577622] systemd[1]: Created slice System Slice.
[[0;32m  OK  [0m] Created slice System Slice.
[   22.659443] systemd[1]: Listening on Device-mapper event daemon FIFOs.
[[0;32m  OK  [0m] Listening on  evice-mapper event daemon FIFOs.
[   22.773402] systemd[1]: Listening on Syslog Socket.
[[0;32m  OK  [0m] Listening on Syslog Socket.
[   22.861619] systemd[1]: Listening on Journal Socket (/dev/log).
[[0;32m  OK  [0m] Listening on Journal Socket (/dev/log).
[   22.929085] systemd[1]: Reached target Swap.
[[0;32m  OK  [0m] Reached target Swap.
[   23.010012] systemd[1]: Set up automount Arbitrary Executable File Formats File System Automount Point.
[[0;32m  OK  [0m] Set up automount Arbitrary Executab...ats File System Automount Point.
[   23.256455] systemd[1]: Listening on Journal Socket.
[[0;32m  OK  [0m] Listening on Journal Socket.
[   23.373260] systemd[1]: Starting Set console keymap...
         Starting Set console keymap...
[   23.437230] systemd[1]: Listening on udev Control Socket.
[[0;32m  OK  [0m] Listening on udev Control Socket.
[   23.568735] systemd[1]: Starting Create list of required static device nodes for the current kernel...
         Starting Create list of required st... nodes for the current kernel...
[   23.619981] systemd[1]: Created slice system-serial\x2dgetty.slice.
[[0;32m  OK  [0m] Created slice system-serial\x2dgetty.slice.
[   23.693388] systemd[1]: Starting Uncomplicated firewall...
         Starting Uncomplicated firewall...
[   23.727125] systemd[1]: Mounting POSIX Message Queue File System...
         Mounting POSIX Message Queue File System...
[   23.808540] systemd[1]: Listening on LVM2 metadata daemon socket.
[[0;32m  OK  [0m] Listening on LVM2 metadata daemon socket.
[   23.847974] systemd[1]: Listening on udev Kernel Socket.
[[0;32m  OK  [0m] Listening on udev Kernel Socket.
[   23.973484] systemd[1]: Reached target User and Group Name Lookups.
[[0;32m  OK  [0m] Reached target User and Group Name Lookups.
[   24.007583] systemd[1]: Started Forward Password Requests to Wall Directory Watch.
[[0;32m  OK  [0m] Started Forward Password Requests to Wall Directory Watch.
[   24.243521] systemd[1]: Created slice User and Session Slice.
[[0;32m  OK  [0m] Created slice User and Session Slice.
[   24.341129] systemd[1]: Reached target Slices.
[[0;32m  OK  [0m] Reached target Slices.
[   24.432837] systemd[1]: Mounting Huge Pages File System...
         Mounting Huge Pages File System...
[   24.513338] systemd[1]: Starting Load Kernel Modules...
[   24.558090] Loading iSCSI transport class v2.0-870.
         Starting Load Kernel Modules...
[   24.660834] systemd[1]: Mounting Debug File System...
         Mounting Debug File System...
[   24.684259] iscsi: registered transport (tcp)
[   24.735889] systemd[1]: Starting Nameserver information manager...
         Starting Nameserver information manager...
[   24.751418] systemd[1]: Listening on LVM2 poll daemon socket.
[[0;32m  OK  [0m] Listening on LVM2 poll daemon socket.
[   24.807289] systemd[1]: Reached target Encrypted Volumes.
[   24.840765] iscsi: registered transport (iser)
[[0;32m  OK  [0m] Reached target Encrypted Volumes.
[   24.880875] systemd[1]: Starting Monitoring of LVM2 mirrors, snapshots etc. using dmeventd or progress polling...
         Starting Monitoring of LVM2 mirrors... dmeventd or progress polling...
[   24.964529] systemd[1]: Started Trigger resolvconf update for networkd DNS.
[[0;32m  OK  [0m] Started Trigger resolvconf update for networkd DNS.
[   24.988429] systemd[1]: Listening on /dev/initctl Compatibility Named Pipe.
[[0;32m  OK  [0m] Listening on /dev/initctl Compatibility Named Pipe.
[   25.089273] systemd[1]: Starting Remount Root and Kernel File Systems...
         [   25.243724] EXT4-fs (sda1): re-mounted. Opts: (null)
Starting Remount Root and Kernel File Systems...
[   25.268709] systemd[1]: Listening on Journal Audit Socket.
[[0;32m  OK  [0m] Listening on Journal Audit Socket.
[   25.325395] systemd[1]: Starting Journal Service...
         Starting Journal Service...
[   25.426758] systemd[1]: Mounted POSIX Message Queue File System.
[[0;32m  OK  [0m] Mounted POSIX Message Queue File System.
[   25.485163] systemd[1]: Mounted Debug File System.
[[0;32m  OK  [0m] Mounted Debug File System.
[  25.579756] systemd[1]: Mounted Huge Pages File System.
[[0;32m  OK  [0m] Mounted Huge Pages File System.
[ 2535360] systemd[1]: Started Journal Service.
[[0;32m  OK  [0m] Started Journal Service.
[[0;32m  OK  [0m] Started Set console keymap.
[[0;32m  OK  [0m] Started Create list of required sta...ce nodes for the current kernel.
[[0;32m  OK  [0m] Started Uncomplicated firewall.
[[0;32m  OK  [0m] Started Load Kernel Modules.
[[0;32m  OK  [0m] Started Remount Root and Kernel File Systems.
[[0;32m  OK  [0m] Started Nameserver information manager.
[[0;32m  OK  [0m] Started LVM2 metadata daemon.
         Starting Load/Save Random Seed...
         Starting Initial cloud-init job (pre-networking)...
         Starting udev Coldplug all Devices...
         Mounting FUSE Control File System...
         Starting Apply Kernel Variables...
         Starting Create Static Device Nodes in /dev...
         Starting Flush Journal to Persistent Storage...
[[0;32m  OK  [0m] Mounted FUSE Control File System.
[[0;32m  OK  [0m] Started Load/Save Random Seed.
[[0;32m  OK  [0m] Started Monitoring of LVM2 mirrors,...ng dmeventd or progress polling.
[[0;32m  OK  [0m] Started Apply Kernel Variables.
[[0;32m  OK  [0m] Started udev Coldplug all Devices.
[[0;32m  OK  [0m] Started Flush Journal to Persistent Storage.
[[0;32m  OK  [0m] Started Create Static Device Nodes in /dev.
         Starting udev Kernel Device Manager...
[[0;32m  OK  [0m] Started udev Kernel Device Manager.
[[0;32m  OK  [0m] Started Dispatch Password Requests to Console Directory Watch.
[[0;32m  OK  [0m] Reached target Local File Systems (Pre).
[[0;32m  OK  [0m] Reached target Local File Systems.
         Starting LSB: AppArmor initialization...
         Starting Commit a transient machine-id on disk...
         Starting Set console font and keymap...
         Starting Create Volatile Files and Directories...
         Starting Tell Plymouth To Write Out Runtime Data...
[[0;32m  OK  [0m] Started Tell Plymouth To Write Out Runtime Data.
[[0;32m  OK  [0m] Started Commit a transient machine-id on disk.
[[0;32m  OK  [0m] Started Create Volatile Files and Directories.
         Starting Update UTMP about System Boot/Shutdown...
[[0;32m  OK  [0m] Reached target System Time Synchronized.
[[0;32m  OK  [0m] Started Update UTMP about System Boot/Shutdown.
[[0;32m  OK  [0m] Found device /dev/ttyS0.
[[0;32m  OK  [0m] Listening on Load/Save RF Kill Switch Status /dev/rfkill Watch.
[[0;32m  OK  [0m] Started Set console font and keymap.
[[0;32m  OK  [0m] Created slice system-getty.slice.
[[0;32m  OK  [0m] Started LSB: AppArmor initialization.
[   29.037269] cloud-init[421]: Cloud-iiit v. 17.1 running 'init-local' at Sat, 03 Mar 2018 11:47:42 +0000. Up 28.09 seconds.
[[0;32m  OK  [0m] Started Initial cloud-init job (pre-networking).
[[0;32m  OK  [0m] Reached target Network (Pre).
         Starting Raise network interfaces...
[[0;32m  OK  [0m] Started Raise network interfaces.
[[0;32m  OK  [0m] Reached target Network.
         Starting Initial cloud-init job (metadata service crawler)...
[   32.606110] cloud-init[928]: Cloud-init v. 17.1 running 'init' at Sat, 03 Mar 2018 11:47:45 +0000. Up 30.37 seconds.
[   32.665237] cloud-init[928]: ci-info: +++++++++++++++++++++++++++++++++++++Net device info++++++++++++++++++++++++++++++++++++++
[   32.697611] cloud-init[928]: ci-info: +--------+------+----------------------------+---------------+-------+-------------------+
[[0;32m  OK  [0m] Started Initial cloud-init job (metadata service crawler).
[   32.761703] cloud-init[928]: ci-info: | Device |  Up  |          Address           |      Mask     | Scope |     Hw-Address    |
[   32.804153] [cloud-init[0;32m  OK  [0m[928]: ] ci-info: +--------+------+----------------------------+---------------+-------+-------------------+Reached target Cloud-config availability.

[   32.805301] [cloud-init[0;32m  OK  [0m[928]: ] ci-info: | enp0s3 | True |         10.0.2.15          | 255.255.255.0 |   .   | 02:62:84:fe:22:b7 |Reached target Network is Online.

[   32.920406] cloud-init[928]: ci-info: | enp0s3 | True | fe80::62:84ff:fefe:22b7/64 |       .       |  link | 02:62:84:fe:22:b7 |
[   32.981330]          cloud-initStarting iSCSI initiator daemon (iscsid)...[928]: 
ci-info: |   lo   | True |         127.0.0.1          |   255.0.0.0   |   .   |         .         |
[   33.024663] [cloud-init[0;32m  OK  [0m[928]: ] ci-info: |   lo   | True |          ::1/128           |       .       |  host |         .         |Reached target System Initialization.

[   33.025507] [cloud-init[0;32m  OK  [0m[928]: ] ci-info: +--------+------+----------------------------+---------------+-------+-------------------+Started Daily Cleanup of Temporary Directories.

[   33.604629] [cloud-init[0;32m  OK  [0m[928]: ] ci-info: +++++++++++++++++++++++++++Route IPv4 info++++++++++++++++++++++++++++Started Timer to automatically refresh installed snaps.

[   33.605871] cloud-init[928]: ci-info: +-------+-------------+----------+---------------+-----------+-------+
[   33.634331] cloud-init[928]: ci-info: | Route | Destination | Gateway  |    Genmask    | Interface | Flags |
[   33.649232]          cloud-initStarting LXD - unix socket.[928]: 
ci-info: +-------+-------------+----------+---------------+-----------+-------+
[   33.661783] [cloud-init[0;32m  OK  [0m[928]: ] ci-info: |   0   |   0.0.0.0   | 10.0.2.2 |    0.0.0.0    |   enp0s3  |   UG  |Listening on ACPID Listen Socket.

[   33.662610] [cloud-init[0;32m  OK  [0m[928]: ] ci-info: |   1   |   10.0.2.0  | 0.0.0.0  | 255.255.255.0 |   enp0s3  |   U   |Started Daily apt download activities.

[   33.766281] [cloud-init[0;32m  OK  [0m[928]: ] ci-info: +-------+-------------+----------+---------------+-----------+-------+Started Daily apt upgrade and clean activities.

[   33.767340] [cloud-init[0;32m  OK  [0m[928]: ] Generating public/private rsa key pair.Reached target Timers.

[   33.820800] [cloud-init[0;32m  OK  [0m[928]: ] Your identification has been saved in /etc/ssh/ssh_host_rsa_key.Listening on D-Bus System Message Bus Socket.

[   33.872489] [cloud-init[0;32m  OK  [0m[928]: ] Your public key has been saved in /etc/ssh/ssh_host_rsa_key.pub.Listening on UUID daemon activation socket.

[   33.873308] cloud-init[928]: The key fingerprint is:
[   33.916371] cloud-init[928]: SHA256:aRbQOfFg7CDmXHrVuWjzj9Z7/Ns7Cz0kNWWTEeq6ZEs root@ubuntu-xenial
[   33.948813] [cloud-init[0;32m  OK  [0m[928]: ] The key's randomart image is:Started ACPI Events Check.

[   33.950042] [cloud-init[0;32m  OK  [0m[928]: ] +---[RSA 2048]----+Reached target Paths.

[   33.981908]          cloud-initStarting Socket activation for snappy daemon.[928]: 
|      .o++ .   +*|
[   33.987617] cloud-init[928]: |    o oo*oo   .oo|
[   34.016064] [cloud-init[0;32m  OK  [0m[928]: ] |   + + +.o.. . o |Listening on LXD - unix socket.

[   34.017035] [cloud-init[0;32m  OK  [0m[928]: ] |    + . =o. . . .|Listening on Socket activation for snappy daemon.

[   34.078408] [cloud-init[0;32m  OK  [0m[928]: ] |     . .So   o . |Started iSCSI initiator daemon (iscsid).

         Starting Login to default iSCSI targets...
[   34.113235] cloud-init[[0;32m  OK  [0m] Reached target Sockets.
[928]: |       o  . . +  |
[[0;32m  OK  [0m] Reached target Basic System.
[   34.128604] [[0;32m  OK  [0m] Started Unattended Upgrades Shutdown.
cloud-init[928]: |           E o o |
[   34.156942] [cloud-init[0;32m  OK  [0m[928]: ] |          * = +.o|Started FUSE filesystem for LXC.

[   34.158182] cloud-init[928]: |         . o.o =B|
[[0;32m  OK  [0m] Started D-Bus System Message Bus.
[   34.267042] cloud-init[928]: +----[SHA256]-----+
[   34.299115] cloud-init[928]: Generating public/private dsa key pair.
[   34.332607] cloud-init[928]: Your identification has been saved in /etc/ssh/ssh_host_dsa_key.
[   34.368873] cloud-init[928]: Your public key has been saved in /etc/ssh/ssh_host_dsa_key.pub.
[   34.415901] [cloud-init[0;32m  OK  [0m[928]: ] The key fingerprint is:Started Deferred execution scheduler.

[   34.417238] cloud-init[928]: SHA256:01navEyY8ogwTuc+ROgtJG4HPmgLDAgZsFEH50mal6I root@ubuntu-xenial
[   34.476791]          cloud-initStarting Apply the settings specified in cloud-config...[928]: The key's randomart image is:

[   34.478068] cloud-init[928]: +---[DSA 1024]----+
[   34.729197]          cloud-initStarting Accounts Service...[928]: 
|=+o.+            |
[   34.765878]          cloud-initStarting /etc/rc.local Compatibility...[928]: 
|oo B o           |
[   34.785808] cloud-init[928]: |+ + =.      .    |
[   34.844517] [cloud-init[0;32m  OK  [0m[928]: ] |o.ooo .  . O     |Started Regular background program processing daemon.

[   34.845293] cloud-init[928]: |E+ =+o. S * +    |
[   34.916379] [cloud-init[0;32m  OK  [0m[928]: ] |oo=o+=o. = o .   |Started ACPI event daemon.

[   34.917360] cloud-init[928]: |o..o.oo . . o    |
[   34.985021]          cloud-initStarting LXD - container startup/shutdown...[928]: 
| .   ..          |
[   35.071452]          Starting System Logging Service...
cloud-init[928]: |      ..         |
[   35.100820]          cloud-initStarting LSB: Record successful boot for GRUB...[928]: 
+----[SHA256]-----+
[   35.198723] cloud-init[928]: Generating public/private ecdsa key pair.
[   35.228729]          cloud-initStarting Login Service...[928]: 
Your identification has been saved in /etc/ssh/ssh_host_ecdsa_key.
         Starting Snappy daemon...
[[  35.323241] cloud-init[928]: Your public key has been saved in /etc/ssh/ssh_host_ecdsa_key.pub.
[   35.385026] cloud-init[928]: The key fingerprint is:
         Starting Pollinate to seed the pseudo random number generator...
[   35.419463] cloud-init[928]: SHA256:J7Yn1Av3NhZuE1S8QnB30K9sURNODVJiczx7HFV5nSU root@ubuntu-xenial
         Starting LSB: MD monitoring daemon...
[   35.582773] cloud-init[928]: The key's randomart image is:
[   35.609049] [cloud-init[0;32m  OK  [0m[928]: ] +---[ECDSA 256]---+Started System Logging Service.

[   35.610642] cloud-init[928]: |          ..*+E*#|
[   35.649983] [[0;32m  OK  [0m] Started /etc/rc.local Compatibility.
cloud-init[928]: |           o.B*B*|
[   35.708231] cloud-init[928]: |           ..  B=|
[   35.766929] cloud-init[928]: |         . .. + +|
[   35.790900] cloud-init[928]: |        S + oo + |
[   35.814276] cloud-init[928]: |       o * + o+  |
[   35.819637]          cloud-initStarting Authenticate and Authorize Users to Run Privileged Tasks...[928]: 
|        o o O.   |
[   35.894765] [cloud-init[0;32m  OK  [0m[928]: ] |         o + o   |Started Login Service.

[   35.895472] cloud-init[928]: |                 |
[   35.975100] [cloud-init[0;32m  OK  [0m[928]: ] +----[SHA256]-----+Started LSB: Record successful boot for GRUB.

[   35.975810] cloud-init[928]: Generating public/private ed25519 key pair.
[   36.078719] [cloud-init[0;32m  OK  [0m[928]: ] Your identification has been saved in /etc/ssh/ssh_host_ed25519_key.Started Login to default iSCSI targets.

[   36.079664] cloud-init[928]: Your public key has been saved in /etc/ssh/ssh_host_ed25519_key.pub.
[   36.121492] cloud-init[928]: The key fingerprint is:
[[0;32m  OK  [0m] Reached target Remote File Systems (Pre).
[   36.121750] cloud-init[928]: SHA256:ipFXJIdl/EolovKpfS9pwaaq9PoY+4gKpOd5g8ucgsw root@ubuntu-xenial
[[0;32m  OK  [0m] Reached target Remote File Systems.
[   36.180443] cloud-init[928]: The key's randomart image is:
[   36.312764] cloud-init[928]: +--[ED25519 256]--+
[   36.313303] cloud-init[928]: |      .+=        |
         Starting LSB: daemon to balance interrupts for SMP systems...
[   36.313637] cloud-init[928]: |      o=o .      |
         [   36.401939] Starting LSB: Set the CPU Frequency Scaling governor to "ondemand"...cloud-init
[928]: |     . ..+       |
[   36.452470] cloud-init[928]: |  . .. .. .      |
[   36.452934] cloud-init[928]: | . ooo..S.       |
         Starting Permit User Sessions...
[   36.453364] cloud-init[928]: |o   o++..        |
[   36.540749] cloud-init[928]: |*o.+.o.o         |
[   36.541308] cloud-init[928]: |*EOo= =          |
         Starting LSB: VirtualBox Linux Additions...
[   36.541628] cloud-init[928]: |=B%B + o.        |
[   36.666895] cloud-init[928]: +----[SHA256]-----+
         Starting LSB: automatic crash report generation...
[[0;32m  OK  [0m] Started LSB: MD monitoring daemon.
[   36.687345] cloud-init[1039]: Generating locales (this might take a while)...
[[0;32m  OK  [0m] Started  ermit User Sessions.
[[0;32m  OK  [0m] Started Authenticate and Authorize Users to Run Privileged Tasks.
[[0;32m  OK  [0m] Started Accounts Service.
[[0;32m  OK  [0m] Started LSB: Set the CPU Frequency Scaling governor to "ondemand".
         Starting Terminate Plymouth Boot Screen...
         Starting Hold until boot process finishes up...
[[0;32m  OK  [0m] Started LSB: daemon to balance interrupts for SMP systems.
[[0;32m  OK  [0m] Started Terminate Plymouth Boot Screen.
[[0;32m  OK  [0m] Started LSB: automatic crash report generation.
[[0;32m  OK  [0m] Started Hold until boot process finishes up.
         Starting Set console scheme...
[[0;32m  OK  [0m] Started Getty on tty1.
[[0;32m  OK  [0m] Started Serial Getty on ttyS0.
[[0;32m  OK  [0m] Reached target Login Prompts.
[[0;32m  OK  [0m] Started Set console scheme.
[[0;32m  OK  [0m] Started LSB: VirtualBox Linux Additions.
[[0;32m  OK  [0m] Started LXD - container startup/shutdown.
[[0;32m  OK  [0m] Started Snappy daemon.
[[0;32m  OK  [0m] Started Pollinate to seed the pseudo random number generator.
         Starting OpenBSD Secure Shell server...
[   39.503808] cloud-init[1039]:   en_US.UTF-8... done
[   39.529164] cloud-init[1039]: Generation complete.
[[0;32m  OK  [0m] Started OpenBSD Secure Shell server.
[[0;32m  OK  [0m] Reached target Multi-User System.
[[0;32m  OK  [0m] Reached target Graphical Interface.
         Starting Update UTMP about System Runlevel Changes...
[[0;32m  OK  [0m] Started Update UTMP about System Runlevel Changes.
[[0;32m  OK  [0m] Created slice User Slice of vagrant.
         Starting User Manager for UID 1000...
[[0;32m  OK  [0m] Started Session 1 of user vagrant.
[[0;32m  OK  [0m] Started User Manager for UID 1000.
[   42.751046] cloud-init[1039]: Cloud-init v. 17.1 running 'modules:config' at Sat, 03 Mar 2018 11:47:50 +0000. Up 35.24 seconds.

Ubuntu 16.04.3 LTS ubuntu-xenial ttyS0

ubuntu-xenial login: ci-info: no authorized ssh keys fingerprints found for user ubuntu.
<14>Mar  3 11:47:58 ec2: 
<14>Mar  3 11:47:58 ec2: #############################################################
<14>Mar  3 11:47:58 ec2: -----BEGIN SSH HOST KEY FINGERPRINTS-----
<14>Mar  3 11:47:58 ec2: 1024 SHA256:01navEyY8ogwTuc+ROgtJG4HPmgLDAgZsFEH50mal6I root@ubuntu-xenial (DSA)
<14>Mar  3 11:47:58 ec2: 256 SHA256:J7Yn1Av3NhZuE1S8QnB30K9sURNODVJiczx7HFV5nSU root@ubuntu-xenial (ECDSA)
<14>Mar  3 11:47:58 ec2: 256 SHA256:ipFXJIdl/EolovKpfS9pwaaq9PoY+4gKpOd5g8ucgsw root@ubuntu-xenial (ED25519)
<14>Mar  3 11:47:58 ec2: 2048 SHA256:aRbQOfFg7CDmXHrVuWjzj9Z7/Ns7Cz0kNWWTEeq6ZEs root@ubuntu-xenial (RSA)
<14>Mar  3 11:47:58 ec2: -----END SSH HOST KEY FINGERPRINTS-----
<14>Mar  3 11:47:58 ec2: #############################################################
-----BEGIN SSH HOST KEY KEYS-----
ecdsa-sha2-nistp256 AAAAE2VjZHNhLXNoYTItbmlzdHAyNTYAAAAIbmlzdHAyNTYAAABBBKXx3eD46RXYsjs5HhNHYPHUmSMxTVwud1HRaLcPEakRChLFSf4SE1IpwVCpeW00likJvcy1NsYzeEirFbsre5Q= root@ubuntu-xenial
ssh-ed25519 AAAAC3NzaC1lZDI1NTE5AAAAIEz7qKG3BwGrJaKcrcUj8Ednpc+olwFQQ6Q+FJMDB7cT root@ubuntu-xenial
ssh-rsa AAAAB3NzaC1yc2EAAAADAQABAAABAQDmlb6++5mw2HyIa6c3kWLPZffe0t6+6s04QLFYTJEvPbWbSD87TdvstKAJ85s06A7QpJLGAbnKGfP3os9HPve/ayha6ZHVrtmvCCNvic46+uXO/LCTXivKQkc+pr5bA0QugpUkIfsFGnaNYv6ui2FBuU9FpkbtBlAEGmRd0/JakjUnoh2aYFHdSRdUJJKQLEtJDiaxaowtRcqkxnqSk9hUf3VBaEcYbGZFo/OocqIdsLU+P2q9eMUxYiZ5e5egl6IUxrlit6RYCBOfSU4UqBWfPU24PxdZoQtutdIaGqHP6O7pHDZZW+/ptY0bbriSeccjfsCOYEH/guM416GcZC9h root@ubuntu-xenial
-----END SSH HOST KEY KEYS-----
[   43.947483] cloud-init[1352]: Cloud-init v. 17.1 running 'modules:final' at Sat, 03 Mar 2018 11:47:58 +0000. Up 43.46 seconds.
[   43.948418] cloud-init[1352]: ci-info: no authorized ssh keys fingerprints found for user ubuntu.
[   43.948755] cloud-init[1352]: Cloud-init v. 17.1 finished at Sat, 03 Mar 2018 11:47:58 +0000. Datasource DataSourceNoCloud [seed=/dev/sdb][dsmode=net].  Up 43.93 seconds
